<?xml version="1.0" encoding="UTF-8"?>
<!-- Generated by org.testng.reporters.JUnitXMLReporter -->
<testsuite ignored="0" hostname="PKCHAUBEY" failures="1" tests="2" name="Error Validation Test" time="56.169" errors="0" timestamp="2024-12-22T01:45:14 IST">
  <testcase classname="rahulshettyacademy.tests.ErrorValidations" name="LoginErrorValidation" time="1.279">
    <failure type="java.lang.AssertionError" message="expected:&amp;lt;Incorrect email password.&amp;gt; but was:&amp;lt;Incorrect email or password.&amp;gt;">
      <![CDATA[java.lang.AssertionError: expected:<Incorrect email password.> but was:<Incorrect email or password.>
at rahulshettyacademy.tests.ErrorValidations.LoginErrorValidation(ErrorValidations.java:37)
at java.base/java.util.ArrayList.forEach(ArrayList.java:1510)
at java.base/java.util.concurrent.FutureTask.run(FutureTask.java:264)
at java.base/java.util.concurrent.ThreadPoolExecutor.runWorker(ThreadPoolExecutor.java:1130)
at java.base/java.util.concurrent.ThreadPoolExecutor$Worker.run(ThreadPoolExecutor.java:630)
at java.base/java.lang.Thread.run(Thread.java:832)
... Removed 19 stack frames]]>
    </failure>
  </testcase> <!-- LoginErrorValidation -->
  <testcase classname="rahulshettyacademy.tests.ErrorValidations" name="ProductErrorValidation" time="14.275"/>
</testsuite> <!-- Error Validation Test -->
