<?xml version="1.0" encoding="UTF-8"?>
<!-- Generated by org.testng.reporters.JUnitXMLReporter -->
<testsuite ignored="0" hostname="PKCHAUBEY" failures="0" tests="4" name="Submit Order Test" time="89.398" errors="0" timestamp="2024-12-22T01:45:47 IST">
  <testcase classname="rahulshettyacademy.tests.submitordertest" name="submitOrder" time="8.141"/>
  <testcase classname="rahulshettyacademy.tests.submitordertest" name="submitOrder" time="15.658"/>
  <testcase classname="rahulshettyacademy.tests.submitordertest" name="orderHistoryTest" time="1.505"/>
  <testcase classname="rahulshettyacademy.tests.submitordertest" name="orderHistoryTest" time="1.212"/>
</testsuite> <!-- Submit Order Test -->
